[debug] [2023-02-21T16:37:47.499Z] ----------------------------------------------------------------------
[debug] [2023-02-21T16:37:47.501Z] Command:       C:\Program Files\nodejs\node.exe C:\Users\adel\AppData\Roaming\npm\node_modules\firebase-tools\lib\bin\firebase.js init
[debug] [2023-02-21T16:37:47.502Z] CLI Version:   11.23.1
[debug] [2023-02-21T16:37:47.502Z] Platform:      win32
[debug] [2023-02-21T16:37:47.502Z] Node Version:  v16.17.0
[debug] [2023-02-21T16:37:47.503Z] Time:          Tue Feb 21 2023 17:37:47 GMT+0100 (heure normale d’Europe centrale)
[debug] [2023-02-21T16:37:47.503Z] ----------------------------------------------------------------------
[debug] 
[debug] [2023-02-21T16:37:47.513Z] > command requires scopes: ["email","openid","https://www.googleapis.com/auth/cloudplatformprojects.readonly","https://www.googleapis.com/auth/firebase","https://www.googleapis.com/auth/cloud-platform"]
[debug] [2023-02-21T16:37:47.514Z] > authorizing via signed-in user (ahmed95yacine@gmail.com)
[info] 
     ######## #### ########  ######## ########     ###     ######  ########
     ##        ##  ##     ## ##       ##     ##  ##   ##  ##       ##
     ######    ##  ########  ######   ########  #########  ######  ######
     ##        ##  ##    ##  ##       ##     ## ##     ##       ## ##
     ##       #### ##     ## ######## ########  ##     ##  ######  ########

You're about to initialize a Firebase project in this directory:

  C:\Users\adel\Desktop\firebase

[info] 
=== Project Setup
[info] 
[info] First, let's associate this project directory with a Firebase project.
[info] You can create multiple project aliases by running firebase use --add, 
[info] but for now we'll just set up a default project.
[info] 
[debug] [2023-02-21T16:39:53.675Z] >>> [apiv2][query] GET https://firebase.googleapis.com/v1beta1/projects pageSize=100
[debug] [2023-02-21T16:39:54.933Z] <<< [apiv2][status] GET https://firebase.googleapis.com/v1beta1/projects 200
[debug] [2023-02-21T16:39:54.933Z] <<< [apiv2][body] GET https://firebase.googleapis.com/v1beta1/projects [omitted]
[info] i  Using project fir-course-d911b (firebase-course) 
[info] 
=== Hosting Setup
[info] 
[info] Your public directory is the folder (relative to your project directory) that
[info] will contain Hosting assets to be uploaded with firebase deploy. If you
[info] have a build process for your assets, use your build's output directory.
[info] 
[info] +  Wrote public/404.html 
[debug] [2023-02-21T16:41:45.310Z] >>> [apiv2][query] GET https://www.gstatic.com/firebasejs/releases.json [none]
[debug] [2023-02-21T16:41:47.047Z] <<< [apiv2][status] GET https://www.gstatic.com/firebasejs/releases.json 200
[debug] [2023-02-21T16:41:47.047Z] <<< [apiv2][body] GET https://www.gstatic.com/firebasejs/releases.json {"current":{"version":"9.17.1","browserURL":"https://www.gstatic.com/firebasejs/9.17.1/firebase.js","packageURL":"https://www.gstatic.com/firebasejs/9.17.1/firebase.tgz"},"live":{"version":"9.17","browserURL":"https://www.gstatic.com/firebasejs/live/9.17/firebase.js","packageURL":"https://www.gstatic.com/firebasejs/live/9.17/firebase.tgz"},"components":{"analytics":"https://www.gstatic.com/firebasejs/9.17.1/firebase-analytics.js","app":"https://www.gstatic.com/firebasejs/9.17.1/firebase-app.js","app-check":"https://www.gstatic.com/firebasejs/9.17.1/firebase-app-check.js","auth":"https://www.gstatic.com/firebasejs/9.17.1/firebase-auth.js","auth/cordova":"https://www.gstatic.com/firebasejs/9.17.1/firebase-auth/cordova.js","auth/react-native":"https://www.gstatic.com/firebasejs/9.17.1/firebase-auth/react-native.js","functions":"https://www.gstatic.com/firebasejs/9.17.1/firebase-functions.js","firestore":"https://www.gstatic.com/firebasejs/9.17.1/firebase-firestore.js","firestore/lite":"https://www.gstatic.com/firebasejs/9.17.1/firebase-firestore/lite.js","installations":"https://www.gstatic.com/firebasejs/9.17.1/firebase-installations.js","storage":"https://www.gstatic.com/firebasejs/9.17.1/firebase-storage.js","performance":"https://www.gstatic.com/firebasejs/9.17.1/firebase-performance.js","remote-config":"https://www.gstatic.com/firebasejs/9.17.1/firebase-remote-config.js","messaging":"https://www.gstatic.com/firebasejs/9.17.1/firebase-messaging.js","messaging/sw":"https://www.gstatic.com/firebasejs/9.17.1/firebase-messaging/sw.js","database":"https://www.gstatic.com/firebasejs/9.17.1/firebase-database.js","firestore.memory":"https://www.gstatic.com/firebasejs/9.17.1/firebase-firestore.memory.js"}}
[info] i  Skipping write of public/index.html 
[info] 
[info] i  Detected a .git folder at C:\Users\adel\Desktop\firebase 
[info] i  Authorizing with GitHub to upload your service account to a GitHub repository's secrets store. 
[info] 
[info] Visit this URL on this device to log in:
[info] https://github.com/login/oauth/authorize?client_id=89cf50f02ac6aaed3484&state=970540699&redirect_uri=http%3A%2F%2Flocalhost%3A9005&scope=read%3Auser%20repo%20public_repo
[info] 
[info] Waiting for authentication...
[debug] [2023-02-21T16:43:32.604Z] >>> [apiv2][query] POST https://github.com/login/oauth/access_token [none]
[debug] [2023-02-21T16:43:32.605Z] >>> [apiv2][body] POST https://github.com/login/oauth/access_token [stream]
[debug] [2023-02-21T16:43:34.168Z] <<< [apiv2][status] POST https://github.com/login/oauth/access_token 200
[debug] [2023-02-21T16:43:34.169Z] <<< [apiv2][body] POST https://github.com/login/oauth/access_token {"access_token":"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","token_type":"bearer","scope":"read:user,repo"}
[debug] [2023-02-21T16:43:34.182Z] >>> [apiv2][query] GET https://api.github.com/user [none]
[debug] [2023-02-21T16:43:35.229Z] <<< [apiv2][status] GET https://api.github.com/user 200
[debug] [2023-02-21T16:43:35.229Z] <<< [apiv2][body] GET https://api.github.com/user {"login":"AdelYACINE","id":97764681,"node_id":"U_kgDOBdPFSQ","avatar_url":"https://avatars.githubusercontent.com/u/97764681?v=4","gravatar_id":"","url":"https://api.github.com/users/AdelYACINE","html_url":"https://github.com/AdelYACINE","followers_url":"https://api.github.com/users/AdelYACINE/followers","following_url":"https://api.github.com/users/AdelYACINE/following{/other_user}","gists_url":"https://api.github.com/users/AdelYACINE/gists{/gist_id}","starred_url":"https://api.github.com/users/AdelYACINE/starred{/owner}{/repo}","subscriptions_url":"https://api.github.com/users/AdelYACINE/subscriptions","organizations_url":"https://api.github.com/users/AdelYACINE/orgs","repos_url":"https://api.github.com/users/AdelYACINE/repos","events_url":"https://api.github.com/users/AdelYACINE/events{/privacy}","received_events_url":"https://api.github.com/users/AdelYACINE/received_events","type":"User","site_admin":false,"name":"AdelYACINE","company":null,"blog":"","location":null,"email":null,"hireable":null,"bio":null,"twitter_username":null,"public_repos":0,"public_gists":0,"followers":0,"following":0,"created_at":"2022-01-14T21:30:04Z","updated_at":"2023-02-21T16:42:56Z","private_gists":0,"total_private_repos":0,"owned_private_repos":0,"disk_usage":0,"collaborators":0,"two_factor_authentication":false,"plan":{"name":"free","space":976562499,"collaborators":0,"private_repos":10000}}
[info] 
[info] +  Success! Logged into GitHub as AdelYACINE 
[info] 
